2002.01.21 01:59 B C:\@COGECO WEBSITE\Hockey Stats 2002_files\filelist.xml --> ftp.cogeco.ca /Hockey Stats 2002_files filelist.xml
2002.01.21 01:59 B C:\@COGECO WEBSITE\Hockey Stats 2002_files\sheet001.htm --> ftp.cogeco.ca /Hockey Stats 2002_files sheet001.htm
2002.01.21 01:59 B C:\@COGECO WEBSITE\Hockey Stats 2002_files\sheet002.htm --> ftp.cogeco.ca /Hockey Stats 2002_files sheet002.htm
2002.01.21 01:59 B C:\@COGECO WEBSITE\Hockey Stats 2002_files\stylesheet.css --> ftp.cogeco.ca /Hockey Stats 2002_files stylesheet.css
2002.01.21 01:59 B C:\@COGECO WEBSITE\Hockey Stats 2002_files\tabstrip.htm --> ftp.cogeco.ca /Hockey Stats 2002_files tabstrip.htm
2002.01.21 02:00 B C:\@COGECO WEBSITE\Hockey Stats 2002_files\WS_FTP.LOG --> ftp.cogeco.ca /Hockey Stats 2002_files WS_FTP.LOG
2002.01.21 02:01 B C:\@COGECO WEBSITE\Hockey Stats 2002_files\filelist.xml --> ftp.cogeco.ca /Hockey Stats 2002_files filelist.xml
2002.01.21 02:01 B C:\@COGECO WEBSITE\Hockey Stats 2002_files\sheet001.htm --> ftp.cogeco.ca /Hockey Stats 2002_files sheet001.htm
2002.01.21 02:01 B C:\@COGECO WEBSITE\Hockey Stats 2002_files\sheet002.htm --> ftp.cogeco.ca /Hockey Stats 2002_files sheet002.htm
2002.01.21 02:01 B C:\@COGECO WEBSITE\Hockey Stats 2002_files\stylesheet.css --> ftp.cogeco.ca /Hockey Stats 2002_files stylesheet.css
2002.01.21 02:01 B C:\@COGECO WEBSITE\Hockey Stats 2002_files\tabstrip.htm --> ftp.cogeco.ca /Hockey Stats 2002_files tabstrip.htm
2002.01.21 02:01 B C:\@COGECO WEBSITE\Hockey Stats 2002_files\WS_FTP.LOG --> ftp.cogeco.ca /Hockey Stats 2002_files WS_FTP.LOG
2002.01.21 02:03 B C:\@COGECO WEBSITE\Hockey Stats 2002_files\filelist.xml --> ftp.cogeco.ca /Hockey Stats 2002_files filelist.xml
2002.01.21 02:03 B C:\@COGECO WEBSITE\Hockey Stats 2002_files\sheet001.htm --> ftp.cogeco.ca /Hockey Stats 2002_files sheet001.htm
2002.01.21 02:03 B C:\@COGECO WEBSITE\Hockey Stats 2002_files\sheet002.htm --> ftp.cogeco.ca /Hockey Stats 2002_files sheet002.htm
2002.01.21 02:03 B C:\@COGECO WEBSITE\Hockey Stats 2002_files\stylesheet.css --> ftp.cogeco.ca /Hockey Stats 2002_files stylesheet.css
2002.01.21 02:03 B C:\@COGECO WEBSITE\Hockey Stats 2002_files\tabstrip.htm --> ftp.cogeco.ca /Hockey Stats 2002_files tabstrip.htm
2002.01.21 02:03 B C:\@COGECO WEBSITE\Hockey Stats 2002_files\WS_FTP.LOG --> ftp.cogeco.ca /Hockey Stats 2002_files WS_FTP.LOG
2002.01.21 02:14 B C:\@COGECO WEBSITE\Hockey Stats 2002_files\filelist.xml --> ftp.cogeco.ca /Hockey Stats 2002_files filelist.xml
2002.01.21 02:14 B C:\@COGECO WEBSITE\Hockey Stats 2002_files\sheet001.htm --> ftp.cogeco.ca /Hockey Stats 2002_files sheet001.htm
2002.01.21 02:15 B C:\@COGECO WEBSITE\Hockey Stats 2002_files\sheet002.htm --> ftp.cogeco.ca /Hockey Stats 2002_files sheet002.htm
2002.01.21 02:15 B C:\@COGECO WEBSITE\Hockey Stats 2002_files\stylesheet.css --> ftp.cogeco.ca /Hockey Stats 2002_files stylesheet.css
2002.01.21 02:15 B C:\@COGECO WEBSITE\Hockey Stats 2002_files\tabstrip.htm --> ftp.cogeco.ca /Hockey Stats 2002_files tabstrip.htm
2002.01.21 02:15 B C:\@COGECO WEBSITE\Hockey Stats 2002_files\WS_FTP.LOG --> ftp.cogeco.ca /Hockey Stats 2002_files WS_FTP.LOG
2002.01.21 02:16 B C:\@COGECO WEBSITE\Hockey Stats 2002_files\filelist.xml --> ftp.cogeco.ca /Hockey Stats 2002_files filelist.xml
2002.01.21 02:16 B C:\@COGECO WEBSITE\Hockey Stats 2002_files\sheet001.htm --> ftp.cogeco.ca /Hockey Stats 2002_files sheet001.htm
2002.01.21 02:16 B C:\@COGECO WEBSITE\Hockey Stats 2002_files\sheet002.htm --> ftp.cogeco.ca /Hockey Stats 2002_files sheet002.htm
2002.01.21 02:16 B C:\@COGECO WEBSITE\Hockey Stats 2002_files\stylesheet.css --> ftp.cogeco.ca /Hockey Stats 2002_files stylesheet.css
2002.01.21 02:16 B C:\@COGECO WEBSITE\Hockey Stats 2002_files\tabstrip.htm --> ftp.cogeco.ca /Hockey Stats 2002_files tabstrip.htm
2002.01.21 02:16 B C:\@COGECO WEBSITE\Hockey Stats 2002_files\WS_FTP.LOG --> ftp.cogeco.ca /Hockey Stats 2002_files WS_FTP.LOG
2002.01.21 22:59 B C:\@COGECO WEBSITE\Hockey Stats 2002_files\filelist.xml --> ftp.cogeco.ca /Hockey Stats 2002_files filelist.xml
2002.01.21 22:59 B C:\@COGECO WEBSITE\Hockey Stats 2002_files\sheet001.htm --> ftp.cogeco.ca /Hockey Stats 2002_files sheet001.htm
2002.01.21 22:59 B C:\@COGECO WEBSITE\Hockey Stats 2002_files\sheet002.htm --> ftp.cogeco.ca /Hockey Stats 2002_files sheet002.htm
2002.01.21 22:59 B C:\@COGECO WEBSITE\Hockey Stats 2002_files\stylesheet.css --> ftp.cogeco.ca /Hockey Stats 2002_files stylesheet.css
2002.01.21 22:59 B C:\@COGECO WEBSITE\Hockey Stats 2002_files\tabstrip.htm --> ftp.cogeco.ca /Hockey Stats 2002_files tabstrip.htm
2002.01.21 22:59 B C:\@COGECO WEBSITE\Hockey Stats 2002_files\WS_FTP.LOG --> ftp.cogeco.ca /Hockey Stats 2002_files WS_FTP.LOG
2002.01.21 23:19 B C:\@COGECO WEBSITE\Hockey Stats 2002_files\filelist.xml --> ftp.cogeco.ca /Hockey Stats 2002_files filelist.xml
2002.01.21 23:19 B C:\@COGECO WEBSITE\Hockey Stats 2002_files\sheet001.htm --> ftp.cogeco.ca /Hockey Stats 2002_files sheet001.htm
2002.01.21 23:19 B C:\@COGECO WEBSITE\Hockey Stats 2002_files\sheet002.htm --> ftp.cogeco.ca /Hockey Stats 2002_files sheet002.htm
2002.01.21 23:19 B C:\@COGECO WEBSITE\Hockey Stats 2002_files\stylesheet.css --> ftp.cogeco.ca /Hockey Stats 2002_files stylesheet.css
2002.01.21 23:19 B C:\@COGECO WEBSITE\Hockey Stats 2002_files\tabstrip.htm --> ftp.cogeco.ca /Hockey Stats 2002_files tabstrip.htm
2002.01.21 23:19 B C:\@COGECO WEBSITE\Hockey Stats 2002_files\WS_FTP.LOG --> ftp.cogeco.ca /Hockey Stats 2002_files WS_FTP.LOG
2002.01.21 23:22 B C:\@COGECO WEBSITE\Hockey Stats 2002_files\filelist.xml --> ftp.cogeco.ca /Hockey Stats 2002_files filelist.xml
2002.01.21 23:22 B C:\@COGECO WEBSITE\Hockey Stats 2002_files\sheet001.htm --> ftp.cogeco.ca /Hockey Stats 2002_files sheet001.htm
2002.01.21 23:22 B C:\@COGECO WEBSITE\Hockey Stats 2002_files\sheet002.htm --> ftp.cogeco.ca /Hockey Stats 2002_files sheet002.htm
2002.01.21 23:22 B C:\@COGECO WEBSITE\Hockey Stats 2002_files\stylesheet.css --> ftp.cogeco.ca /Hockey Stats 2002_files stylesheet.css
2002.01.21 23:22 B C:\@COGECO WEBSITE\Hockey Stats 2002_files\tabstrip.htm --> ftp.cogeco.ca /Hockey Stats 2002_files tabstrip.htm
2002.01.21 23:22 B C:\@COGECO WEBSITE\Hockey Stats 2002_files\WS_FTP.LOG --> ftp.cogeco.ca /Hockey Stats 2002_files WS_FTP.LOG
2002.01.21 23:22 B C:\@COGECO WEBSITE\Hockey Stats 2002_files\filelist.xml --> ftp.cogeco.ca /Hockey Stats 2002_files filelist.xml
2002.01.21 23:22 B C:\@COGECO WEBSITE\Hockey Stats 2002_files\sheet001.htm --> ftp.cogeco.ca /Hockey Stats 2002_files sheet001.htm
2002.01.21 23:22 B C:\@COGECO WEBSITE\Hockey Stats 2002_files\sheet002.htm --> ftp.cogeco.ca /Hockey Stats 2002_files sheet002.htm
2002.01.21 23:22 B C:\@COGECO WEBSITE\Hockey Stats 2002_files\stylesheet.css --> ftp.cogeco.ca /Hockey Stats 2002_files stylesheet.css
2002.01.21 23:22 B C:\@COGECO WEBSITE\Hockey Stats 2002_files\tabstrip.htm --> ftp.cogeco.ca /Hockey Stats 2002_files tabstrip.htm
2002.01.21 23:22 B C:\@COGECO WEBSITE\Hockey Stats 2002_files\WS_FTP.LOG --> ftp.cogeco.ca /Hockey Stats 2002_files WS_FTP.LOG
2002.01.21 23:27 B C:\@COGECO WEBSITE\Hockey Stats 2002_files\filelist.xml --> ftp.cogeco.ca /Hockey Stats 2002_files filelist.xml
2002.01.21 23:27 B C:\@COGECO WEBSITE\Hockey Stats 2002_files\sheet001.htm --> ftp.cogeco.ca /Hockey Stats 2002_files sheet001.htm
2002.01.21 23:27 B C:\@COGECO WEBSITE\Hockey Stats 2002_files\sheet002.htm --> ftp.cogeco.ca /Hockey Stats 2002_files sheet002.htm
2002.01.21 23:27 B C:\@COGECO WEBSITE\Hockey Stats 2002_files\stylesheet.css --> ftp.cogeco.ca /Hockey Stats 2002_files stylesheet.css
2002.01.21 23:27 B C:\@COGECO WEBSITE\Hockey Stats 2002_files\tabstrip.htm --> ftp.cogeco.ca /Hockey Stats 2002_files tabstrip.htm
2002.01.21 23:27 B C:\@COGECO WEBSITE\Hockey Stats 2002_files\WS_FTP.LOG --> ftp.cogeco.ca /Hockey Stats 2002_files WS_FTP.LOG
2002.01.22 13:21 B C:\@COGECO WEBSITE\Hockey Stats 2002_files\filelist.xml --> ftp.cogeco.ca /Hockey Stats 2002_files filelist.xml
2002.01.22 13:21 B C:\@COGECO WEBSITE\Hockey Stats 2002_files\sheet001.htm --> ftp.cogeco.ca /Hockey Stats 2002_files sheet001.htm
2002.01.22 13:21 B C:\@COGECO WEBSITE\Hockey Stats 2002_files\sheet002.htm --> ftp.cogeco.ca /Hockey Stats 2002_files sheet002.htm
2002.01.22 13:21 B C:\@COGECO WEBSITE\Hockey Stats 2002_files\stylesheet.css --> ftp.cogeco.ca /Hockey Stats 2002_files stylesheet.css
2002.01.22 13:21 B C:\@COGECO WEBSITE\Hockey Stats 2002_files\tabstrip.htm --> ftp.cogeco.ca /Hockey Stats 2002_files tabstrip.htm
2002.01.22 13:21 B C:\@COGECO WEBSITE\Hockey Stats 2002_files\WS_FTP.LOG --> ftp.cogeco.ca /Hockey Stats 2002_files WS_FTP.LOG
2002.03.24 15:30 B C:\@COGECO WEBSITE\Hockey Stats 2002_files\filelist.xml --> ftp.cogeco.ca /Hockey Stats 2002_files filelist.xml
2002.03.24 15:30 B C:\@COGECO WEBSITE\Hockey Stats 2002_files\sheet001.htm --> ftp.cogeco.ca /Hockey Stats 2002_files sheet001.htm
2002.03.24 15:30 B C:\@COGECO WEBSITE\Hockey Stats 2002_files\sheet002.htm --> ftp.cogeco.ca /Hockey Stats 2002_files sheet002.htm
2002.03.24 15:30 B C:\@COGECO WEBSITE\Hockey Stats 2002_files\stylesheet.css --> ftp.cogeco.ca /Hockey Stats 2002_files stylesheet.css
2002.03.24 15:30 B C:\@COGECO WEBSITE\Hockey Stats 2002_files\tabstrip.htm --> ftp.cogeco.ca /Hockey Stats 2002_files tabstrip.htm
2002.03.24 15:30 B C:\@COGECO WEBSITE\Hockey Stats 2002_files\WS_FTP.LOG --> ftp.cogeco.ca /Hockey Stats 2002_files WS_FTP.LOG
2002.03.26 00:29 B C:\@COGECO WEBSITE\Hockey Stats 2002_files\filelist.xml --> ftp.cogeco.ca /Hockey Stats 2002_files filelist.xml
2002.03.26 00:29 B C:\@COGECO WEBSITE\Hockey Stats 2002_files\sheet001.htm --> ftp.cogeco.ca /Hockey Stats 2002_files sheet001.htm
2002.03.26 00:29 B C:\@COGECO WEBSITE\Hockey Stats 2002_files\sheet002.htm --> ftp.cogeco.ca /Hockey Stats 2002_files sheet002.htm
2002.03.26 00:29 B C:\@COGECO WEBSITE\Hockey Stats 2002_files\stylesheet.css --> ftp.cogeco.ca /Hockey Stats 2002_files stylesheet.css
2002.03.26 00:29 B C:\@COGECO WEBSITE\Hockey Stats 2002_files\tabstrip.htm --> ftp.cogeco.ca /Hockey Stats 2002_files tabstrip.htm
2002.03.26 00:29 B C:\@COGECO WEBSITE\Hockey Stats 2002_files\WS_FTP.LOG --> ftp.cogeco.ca /Hockey Stats 2002_files WS_FTP.LOG
2002.04.01 17:46 B C:\@COGECO WEBSITE\Hockey Stats 2002_files\WS_FTP.LOG --> ftp.cogeco.ca /Hockey Stats 2002_files WS_FTP.LOG
